<?xml version="1.0" encoding="UTF-8"?>
<testng-results ignored="0" total="1" passed="1" failed="0" skipped="0">
  <reporter-output>
  </reporter-output>
  <suite started-at="2021-08-02T16:45:04 IST" name="Default suite" finished-at="2021-08-02T16:45:18 IST" duration-ms="14665">
    <groups>
    </groups>
    <test started-at="2021-08-02T16:45:04 IST" name="Default test" finished-at="2021-08-02T16:45:18 IST" duration-ms="14665">
      <class name="testNG.Toyota_Forms_label">
        <test-method is-config="true" signature="beforeSuite()[pri:0, instance:testNG.Toyota_Forms_label@625732]" started-at="2021-08-02T16:44:57 IST" name="beforeSuite" finished-at="2021-08-02T16:45:03 IST" duration-ms="6699" status="PASS">
          <reporter-output>
          </reporter-output>
        </test-method> <!-- beforeSuite -->
        <test-method is-config="true" signature="beforeTest()[pri:0, instance:testNG.Toyota_Forms_label@625732]" started-at="2021-08-02T16:45:04 IST" name="beforeTest" finished-at="2021-08-02T16:45:10 IST" duration-ms="6539" status="PASS">
          <reporter-output>
          </reporter-output>
        </test-method> <!-- beforeTest -->
        <test-method is-config="true" signature="beforeClass()[pri:0, instance:testNG.Toyota_Forms_label@625732]" started-at="2021-08-02T16:45:10 IST" name="beforeClass" finished-at="2021-08-02T16:45:16 IST" duration-ms="6365" status="PASS">
          <reporter-output>
          </reporter-output>
        </test-method> <!-- beforeClass -->
        <test-method is-config="true" signature="beforeMethod()[pri:0, instance:testNG.Toyota_Forms_label@625732]" started-at="2021-08-02T16:45:16 IST" name="beforeMethod" finished-at="2021-08-02T16:45:17 IST" duration-ms="270" status="PASS">
          <reporter-output>
          </reporter-output>
        </test-method> <!-- beforeMethod -->
        <test-method signature="f()[pri:0, instance:testNG.Toyota_Forms_label@625732]" started-at="2021-08-02T16:45:17 IST" name="f" finished-at="2021-08-02T16:45:18 IST" duration-ms="927" status="PASS">
          <reporter-output>
          </reporter-output>
        </test-method> <!-- f -->
        <test-method is-config="true" signature="afterMethod()[pri:0, instance:testNG.Toyota_Forms_label@625732]" started-at="2021-08-02T16:45:18 IST" name="afterMethod" finished-at="2021-08-02T16:45:18 IST" duration-ms="229" status="PASS">
          <reporter-output>
          </reporter-output>
        </test-method> <!-- afterMethod -->
        <test-method is-config="true" signature="afterClass()[pri:0, instance:testNG.Toyota_Forms_label@625732]" started-at="2021-08-02T16:45:18 IST" name="afterClass" finished-at="2021-08-02T16:45:18 IST" duration-ms="1" status="PASS">
          <reporter-output>
          </reporter-output>
        </test-method> <!-- afterClass -->
        <test-method is-config="true" signature="afterTest()[pri:0, instance:testNG.Toyota_Forms_label@625732]" started-at="2021-08-02T16:45:18 IST" name="afterTest" finished-at="2021-08-02T16:45:18 IST" duration-ms="254" status="PASS">
          <reporter-output>
          </reporter-output>
        </test-method> <!-- afterTest -->
        <test-method is-config="true" signature="afterSuite()[pri:0, instance:testNG.Toyota_Forms_label@625732]" started-at="2021-08-02T16:45:19 IST" name="afterSuite" finished-at="2021-08-02T16:45:19 IST" duration-ms="1" status="PASS">
          <reporter-output>
          </reporter-output>
        </test-method> <!-- afterSuite -->
      </class> <!-- testNG.Toyota_Forms_label -->
    </test> <!-- Default test -->
  </suite> <!-- Default suite -->
</testng-results>
